Arguments: 
  C:\Program Files\nodejs\node.exe C:\Program Files\nodejs\node_modules\yarn\bin\yarn.js install

PATH: 
  C:\Users\Simuratli\bin;C:\Program Files\Git\mingw64\bin;C:\Program Files\Git\usr\local\bin;C:\Program Files\Git\usr\bin;C:\Program Files\Git\usr\bin;C:\Program Files\Git\mingw64\bin;C:\Program Files\Git\usr\bin;C:\Users\Simuratli\bin;C:\WINDOWS\system32;C:\WINDOWS;C:\WINDOWS\System32\Wbem;C:\WINDOWS\System32\WindowsPowerShell\v1.0;C:\WINDOWS\System32\OpenSSH;%NVM_HOME%;%NVM_SYMLINK%;C:\Program Files\Git\cmd;C:\Users\Simuratli\AppData\Local\Microsoft\WindowsApps;C:\Users\Simuratli\AppData\Roaming\nvm;C:\Program Files\nodejs;C:\Users\Simuratli\AppData\Local\Programs\Microsoft VS Code\bin;C:\Program Files\Git\usr\bin\vendor_perl;C:\Program Files\Git\usr\bin\core_perl

Yarn version: 
  1.22.19

Node version: 
  16.16.0

Platform: 
  win32 x64

Trace: 
  Error: https://registry.yarnpkg.com/e2e-test-utils: Not found
      at Request.params.callback [as _callback] (C:\Users\Simuratli\AppData\Roaming\nvm\v16.16.0\node_modules\yarn\lib\cli.js:66145:18)
      at Request.self.callback (C:\Users\Simuratli\AppData\Roaming\nvm\v16.16.0\node_modules\yarn\lib\cli.js:140890:22)
      at Request.emit (node:events:527:28)
      at Request.<anonymous> (C:\Users\Simuratli\AppData\Roaming\nvm\v16.16.0\node_modules\yarn\lib\cli.js:141862:10)
      at Request.emit (node:events:527:28)
      at IncomingMessage.<anonymous> (C:\Users\Simuratli\AppData\Roaming\nvm\v16.16.0\node_modules\yarn\lib\cli.js:141784:12)
      at Object.onceWrapper (node:events:641:28)
      at IncomingMessage.emit (node:events:539:35)
      at endReadableNT (node:internal/streams/readable:1345:12)
      at processTicksAndRejections (node:internal/process/task_queues:83:21)

npm manifest: 
  {
      "name": "typescript-sample",
      "version": "0.1.0",
      "private": true,
      "dependencies": {
          "@azure/msal-browser": "^3.1.0",
          "@azure/msal-react": "^2.0.3",
          "@emotion/react": "^11.10.5",
          "@emotion/styled": "^11.10.5",
          "@mui/icons-material": "^5.10.16",
          "@mui/material": "^5.10.17",
          "@types/node": "^16.18.10",
          "@types/react": "^18.0.26",
          "@types/react-dom": "^18.0.9",
          "@types/react-router-dom": "^5.1.7",
          "react": "^18.2.0",
          "react-dom": "^18.2.0",
          "react-router-dom": "^6.7.0",
          "react-scripts": "5.0.1",
          "typescript": "^4.9.4"
      },
      "scripts": {
          "start": "react-scripts start",
          "build": "react-scripts build",
          "build:package": "cd ../../../ && npm run build:all --workspace=lib/msal-react",
          "test": "jest",
          "eject": "react-scripts eject"
      },
      "browserslist": {
          "production": [
              ">0.2%",
              "not dead",
              "not op_mini all"
          ],
          "development": [
              "last 1 chrome version",
              "last 1 firefox version",
              "last 1 safari version"
          ]
      },
      "devDependencies": {
          "@babel/plugin-proposal-private-property-in-object": "^7.21.11",
          "@types/jest": "^29.5.0",
          "e2e-test-utils": "^0.0.1",
          "jest": "^29.5.0",
          "ts-jest": "^29.1.0"
      }
  }

yarn manifest: 
  No manifest

Lockfile: 
  No lockfile
